<?xml version="1.0" encoding="UTF-8"?>
<testsuite xmlns:xsi="http://www.w3.org/2001/XMLSchema-instance" xsi:noNamespaceSchemaLocation="https://maven.apache.org/surefire/maven-surefire-plugin/xsd/surefire-test-report.xsd" name="unit.UserDBManagerTest" time="0.279" tests="6" errors="0" skipped="0" failures="0">
  <properties>
[...]
</properties>
  <testcase name="testUpdateUser" classname="unit.UserDBManagerTest" time="0.272"/>
  <testcase name="testRegisterUser" classname="unit.UserDBManagerTest" time="0.001"/>
  <testcase name="testCheckIfUserExists" classname="unit.UserDBManagerTest" time="0"/>
  <testcase name="testFetchAllUsers" classname="unit.UserDBManagerTest" time="0.001"/>
  <testcase name="testDeleteUser" classname="unit.UserDBManagerTest" time="0"/>
  <testcase name="testValidateUser" classname="unit.UserDBManagerTest" time="0.001"/>
</testsuite>