<?xml version="1.0" encoding="UTF-8"?>
<testsuite xmlns:xsi="http://www.w3.org/2001/XMLSchema-instance" xsi:noNamespaceSchemaLocation="https://maven.apache.org/surefire/maven-surefire-plugin/xsd/surefire-test-report.xsd" name="unit.ReservationDAOTest" time="0.002" tests="4" errors="0" skipped="0" failures="0">
  <properties>
[...]
</properties>
  <testcase name="testInsertReservation" classname="unit.ReservationDAOTest" time="0"/>
  <testcase name="testUpdateReservation" classname="unit.ReservationDAOTest" time="0"/>
  <testcase name="testDeleteReservation" classname="unit.ReservationDAOTest" time="0.001"/>
  <testcase name="testFetchAllReservations" classname="unit.ReservationDAOTest" time="0.001"/>
</testsuite>