<?xml version="1.0" encoding="UTF-8"?>
<testsuite xmlns:xsi="http://www.w3.org/2001/XMLSchema-instance" xsi:noNamespaceSchemaLocation="https://maven.apache.org/surefire/maven-surefire-plugin/xsd/surefire-test-report.xsd" name="unit.MenuDBManagerTest" time="0.268" tests="7" errors="0" skipped="0" failures="0">
  <properties>
[...]
</properties>
  <testcase name="testConnection" classname="unit.MenuDBManagerTest" time="0"/>
  <testcase name="testUpdateMenuItem" classname="unit.MenuDBManagerTest" time="0.066"/>
  <testcase name="testCreateMenuItem" classname="unit.MenuDBManagerTest" time="0.016"/>
  <testcase name="testFetchAllCategories" classname="unit.MenuDBManagerTest" time="0.05"/>
  <testcase name="testFetchMenuItemsByCategory" classname="unit.MenuDBManagerTest" time="0.048"/>
  <testcase name="testDeleteMenuItem" classname="unit.MenuDBManagerTest" time="0.049"/>
  <testcase name="testFetchAllMenuItems" classname="unit.MenuDBManagerTest" time="0.037"/>
</testsuite>